<?xml version="1.0" encoding="UTF-8"?>
<!-- Generated by org.testng.reporters.JUnitXMLReporter -->
<testsuite hostname="office-PC" name="Test" tests="7" failures="0" timestamp="14 Jul 2016 18:32:12 GMT" time="0.112" errors="0">
  <testcase name="registerUser" time="0.006" classname="Jul11TestNGSuite.DemoA"/>
  <testcase name="registerUser" time="0.003" classname="Jul11TestNGSuite.DemoA"/>
  <testcase name="deleteUser" time="0.005" classname="Jul11TestNGSuite.DemoB"/>
  <testcase name="deleteUser" time="0.015" classname="Jul11TestNGSuite.DemoB"/>
  <testcase name="registerUser" time="0.003" classname="Jul11TestNGSuite.DemoC"/>
  <testcase name="registerUser" time="0.002" classname="Jul11TestNGSuite.DemoC"/>
  <testcase name="deleteUser" time="0.003" classname="Jul11TestNGSuite.DemoC"/>
</testsuite> <!-- Test -->
